<?xml version="1.0" encoding="UTF-8"?>
<testsuite name="com.kodilla.testing.stream.array.ArrayOperationsTestSuite" tests="1" skipped="0" failures="0" errors="0" timestamp="2018-10-23T17:02:21" hostname="mbp-tomasz.home" time="0.008">
  <properties/>
  <testcase name="testGetAverage" classname="com.kodilla.testing.stream.array.ArrayOperationsTestSuite" time="0.008"/>
  <system-out><![CDATA[5
5
2
]]></system-out>
  <system-err><![CDATA[]]></system-err>
</testsuite>
