<?xml version="1.0" encoding="UTF-8"?>
<testsuite name="com.kodilla.testing.stream.book.BookTestSuite" tests="3" skipped="0" failures="0" errors="0" timestamp="2018-10-23T17:02:21" hostname="mbp-tomasz.home" time="0.005">
  <properties/>
  <testcase name="testGetListUsingFor" classname="com.kodilla.testing.stream.book.BookTestSuite" time="0.0"/>
  <testcase name="testGetListUsingIntStreamLong" classname="com.kodilla.testing.stream.book.BookTestSuite" time="0.003"/>
  <testcase name="testGetListUsingIntStream" classname="com.kodilla.testing.stream.book.BookTestSuite" time="0.002"/>
  <system-out><![CDATA[]]></system-out>
  <system-err><![CDATA[]]></system-err>
</testsuite>
