<?xml version="1.0" encoding="UTF-8"?>
<testsuite name="com.kodilla.testing.library.BookDirectoryTestSuite" tests="6" skipped="0" failures="0" errors="0" timestamp="2018-10-23T17:02:21" hostname="mbp-tomasz.home" time="0.176">
  <properties/>
  <testcase name="testListBooksWithConditionsMoreThen20" classname="com.kodilla.testing.library.BookDirectoryTestSuite" time="0.166"/>
  <testcase name="testListBooksWithConditionFragmentShorterThan3" classname="com.kodilla.testing.library.BookDirectoryTestSuite" time="0.005"/>
  <testcase name="testListBooksWithConditionsReturnList" classname="com.kodilla.testing.library.BookDirectoryTestSuite" time="0.001"/>
  <testcase name="testListBooksInHandsOfIs1" classname="com.kodilla.testing.library.BookDirectoryTestSuite" time="0.001"/>
  <testcase name="testListBooksInHandsOfIs5" classname="com.kodilla.testing.library.BookDirectoryTestSuite" time="0.0"/>
  <testcase name="testListBooksInHandsOf" classname="com.kodilla.testing.library.BookDirectoryTestSuite" time="0.003"/>
  <system-out><![CDATA[Nothing in hand]]></system-out>
  <system-err><![CDATA[]]></system-err>
</testsuite>
