<?xml version="1.0" encoding="UTF-8"?>
<testsuite name="com.kodilla.testing.forum.statistics.StatisticsTestSuite" tests="3" skipped="0" failures="0" errors="0" timestamp="2018-10-23T17:02:21" hostname="mbp-tomasz.home" time="0.012">
  <properties/>
  <testcase name="calculateAvgStatisticsWhenPostsCountIsZero" classname="com.kodilla.testing.forum.statistics.StatisticsTestSuite" time="0.007"/>
  <testcase name="testCalculateAdvStatistics" classname="com.kodilla.testing.forum.statistics.StatisticsTestSuite" time="0.001"/>
  <testcase name="calculateAvgStatisticsWhenPostsCountIs100" classname="com.kodilla.testing.forum.statistics.StatisticsTestSuite" time="0.004"/>
  <system-out><![CDATA[Test Suite: begin
Test Case: begin
Test Case: end
Test Case: begin
Test Case: end
Test Case: begin
Test Case: end
Test Suite: end
]]></system-out>
  <system-err><![CDATA[]]></system-err>
</testsuite>
