<?xml version="1.0" encoding="UTF-8"?>
<testsuite name="com.kodilla.testing.stream.forum.ForumUserTestSuite" tests="2" skipped="0" failures="0" errors="0" timestamp="2018-10-23T17:02:21" hostname="mbp-tomasz.home" time="0.004">
  <properties/>
  <testcase name="testGetLocationsOfFriends" classname="com.kodilla.testing.stream.forum.ForumUserTestSuite" time="0.002"/>
  <testcase name="testGetLocationsOfFriendsOfFriends" classname="com.kodilla.testing.stream.forum.ForumUserTestSuite" time="0.002"/>
  <system-out><![CDATA[]]></system-out>
  <system-err><![CDATA[]]></system-err>
</testsuite>
